-------------------------------------------------------------------------------
Test set: CucumberTest
-------------------------------------------------------------------------------
Tests run: 4, Failures: 0, Errors: 2, Skipped: 2, Time elapsed: 16.112 sec <<< FAILURE!
Given Pepito wants to have an account(Scenario: client sign up successfully)  Time elapsed: 0.007 sec  <<< ERROR!
org.openqa.selenium.TimeoutException: Expected condition failed: waiting for visibility of Proxy element for: DefaultElementLocator 'By.xpath: //input[@ng-model='FirstName']' (tried for 10 second(s) with 500 milliseconds interval)
	at org.openqa.selenium.support.ui.WebDriverWait.timeoutException(WebDriverWait.java:138)
	at org.openqa.selenium.support.ui.FluentWait.until(FluentWait.java:234)
	at com.mesaj.app.pageobjects.SignUpServices.writeFirstName(SignUpServices.java:27)
	at com.mesaj.app.stepdefinitions.SignUpStepDefs.pepito_wants_to_have_an_account(SignUpStepDefs.java:26)
	at ?.Given Pepito wants to have an account(signup.feature:4)
Caused by: org.openqa.selenium.NoSuchElementException: no such element: Unable to locate element: {"method":"xpath","selector":"//input[@ng-model='FirstName']"}
  (Session info: chrome=102.0.5005.61)
For documentation on this error, please visit: https://selenium.dev/exceptions/#no_such_element
Build info: version: '4.0.0-alpha-4', revision: 'c2d955b49e'
System info: host: 'JORGELAPTOPASUS', ip: '192.168.37.1', os.name: 'Windows 10', os.arch: 'amd64', os.version: '10.0', java.version: '1.8.0_202'
Driver info: org.openqa.selenium.chrome.ChromeDriver
Capabilities {acceptInsecureCerts: false, browserName: chrome, browserVersion: 102.0.5005.61, chrome: {chromedriverVersion: 102.0.5005.61 (0e59bcc00cc4..., userDataDir: C:\Users\jorge\AppData\Loca...}, goog:chromeOptions: {debuggerAddress: localhost:60239}, javascriptEnabled: true, networkConnectionEnabled: false, pageLoadStrategy: normal, platform: WINDOWS, platformName: WINDOWS, proxy: Proxy(), setWindowRect: true, strictFileInteractability: false, timeouts: {implicit: 0, pageLoad: 300000, script: 30000}, unhandledPromptBehavior: dismiss and notify, webauthn:extension:credBlob: true, webauthn:extension:largeBlob: true, webauthn:virtualAuthenticators: true}
Session ID: 32ad81db83317aee54b88c0332cacc93
*** Element info: {Using=xpath, value=//input[@ng-model='FirstName']}
	at sun.reflect.GeneratedConstructorAccessor15.newInstance(Unknown Source)
	at sun.reflect.DelegatingConstructorAccessorImpl.newInstance(DelegatingConstructorAccessorImpl.java:45)
	at java.lang.reflect.Constructor.newInstance(Constructor.java:423)
	at org.openqa.selenium.remote.codec.w3c.W3CHttpResponseCodec.createException(W3CHttpResponseCodec.java:196)
	at org.openqa.selenium.remote.codec.w3c.W3CHttpResponseCodec.decode(W3CHttpResponseCodec.java:129)
	at org.openqa.selenium.remote.codec.w3c.W3CHttpResponseCodec.decode(W3CHttpResponseCodec.java:53)
	at org.openqa.selenium.remote.HttpCommandExecutor.execute(HttpCommandExecutor.java:161)
	at org.openqa.selenium.remote.service.DriverCommandExecutor.execute(DriverCommandExecutor.java:83)
	at org.openqa.selenium.remote.RemoteWebDriver.execute(RemoteWebDriver.java:582)
	at org.openqa.selenium.remote.RemoteWebDriver.findElement(RemoteWebDriver.java:333)
	at org.openqa.selenium.remote.RemoteWebDriver.findElementByXPath(RemoteWebDriver.java:451)
	at org.openqa.selenium.By$ByXPath.findElement(By.java:394)
	at org.openqa.selenium.remote.RemoteWebDriver.findElement(RemoteWebDriver.java:325)
	at org.openqa.selenium.support.pagefactory.DefaultElementLocator.findElement(DefaultElementLocator.java:70)
	at org.openqa.selenium.support.pagefactory.internal.LocatingElementHandler.invoke(LocatingElementHandler.java:39)
	at com.sun.proxy.$Proxy32.isDisplayed(Unknown Source)
	at org.openqa.selenium.support.ui.ExpectedConditions.elementIfVisible(ExpectedConditions.java:314)
	at org.openqa.selenium.support.ui.ExpectedConditions.access$000(ExpectedConditions.java:43)
	at org.openqa.selenium.support.ui.ExpectedConditions$10.apply(ExpectedConditions.java:300)
	at org.openqa.selenium.support.ui.ExpectedConditions$10.apply(ExpectedConditions.java:297)
	at org.openqa.selenium.support.ui.FluentWait.until(FluentWait.java:211)
	at com.mesaj.app.pageobjects.SignUpServices.writeFirstName(SignUpServices.java:27)
	at com.mesaj.app.stepdefinitions.SignUpStepDefs.pepito_wants_to_have_an_account(SignUpStepDefs.java:26)
	at sun.reflect.NativeMethodAccessorImpl.invoke0(Native Method)
	at sun.reflect.NativeMethodAccessorImpl.invoke(NativeMethodAccessorImpl.java:62)
	at sun.reflect.DelegatingMethodAccessorImpl.invoke(DelegatingMethodAccessorImpl.java:43)
	at java.lang.reflect.Method.invoke(Method.java:498)
	at cucumber.runtime.Utils$1.call(Utils.java:40)
	at cucumber.runtime.Timeout.timeout(Timeout.java:16)
	at cucumber.runtime.Utils.invoke(Utils.java:34)
	at cucumber.runtime.java.JavaStepDefinition.execute(JavaStepDefinition.java:38)
	at cucumber.runtime.StepDefinitionMatch.runStep(StepDefinitionMatch.java:37)
	at cucumber.runtime.Runtime.runStep(Runtime.java:300)
	at cucumber.runtime.model.StepContainer.runStep(StepContainer.java:44)
	at cucumber.runtime.model.StepContainer.runSteps(StepContainer.java:39)
	at cucumber.runtime.model.CucumberScenario.run(CucumberScenario.java:44)
	at cucumber.runtime.junit.ExecutionUnitRunner.run(ExecutionUnitRunner.java:102)
	at cucumber.runtime.junit.FeatureRunner.runChild(FeatureRunner.java:63)
	at cucumber.runtime.junit.FeatureRunner.runChild(FeatureRunner.java:18)
	at org.junit.runners.ParentRunner$3.run(ParentRunner.java:290)
	at org.junit.runners.ParentRunner$1.schedule(ParentRunner.java:71)
	at org.junit.runners.ParentRunner.runChildren(ParentRunner.java:288)
	at org.junit.runners.ParentRunner.access$000(ParentRunner.java:58)
	at org.junit.runners.ParentRunner$2.evaluate(ParentRunner.java:268)
	at org.junit.runners.ParentRunner.run(ParentRunner.java:363)
	at cucumber.runtime.junit.FeatureRunner.run(FeatureRunner.java:70)
	at cucumber.api.junit.Cucumber.runChild(Cucumber.java:95)
	at cucumber.api.junit.Cucumber.runChild(Cucumber.java:38)
	at org.junit.runners.ParentRunner$3.run(ParentRunner.java:290)
	at org.junit.runners.ParentRunner$1.schedule(ParentRunner.java:71)
	at org.junit.runners.ParentRunner.runChildren(ParentRunner.java:288)
	at org.junit.runners.ParentRunner.access$000(ParentRunner.java:58)
	at org.junit.runners.ParentRunner$2.evaluate(ParentRunner.java:268)
	at org.junit.runners.ParentRunner.run(ParentRunner.java:363)
	at cucumber.api.junit.Cucumber.run(Cucumber.java:100)
	at org.apache.maven.surefire.junit4.JUnit4Provider.execute(JUnit4Provider.java:252)
	at org.apache.maven.surefire.junit4.JUnit4Provider.executeTestSet(JUnit4Provider.java:141)
	at org.apache.maven.surefire.junit4.JUnit4Provider.invoke(JUnit4Provider.java:112)
	at sun.reflect.NativeMethodAccessorImpl.invoke0(Native Method)
	at sun.reflect.NativeMethodAccessorImpl.invoke(NativeMethodAccessorImpl.java:62)
	at sun.reflect.DelegatingMethodAccessorImpl.invoke(DelegatingMethodAccessorImpl.java:43)
	at java.lang.reflect.Method.invoke(Method.java:498)
	at org.apache.maven.surefire.util.ReflectionUtils.invokeMethodWithArray(ReflectionUtils.java:189)
	at org.apache.maven.surefire.booter.ProviderFactory$ProviderProxy.invoke(ProviderFactory.java:165)
	at org.apache.maven.surefire.booter.ProviderFactory.invokeProvider(ProviderFactory.java:85)
	at org.apache.maven.surefire.booter.ForkedBooter.runSuitesInProcess(ForkedBooter.java:115)
	at org.apache.maven.surefire.booter.ForkedBooter.main(ForkedBooter.java:75)

Scenario: client sign up successfully  Time elapsed: 0.009 sec  <<< ERROR!
org.openqa.selenium.TimeoutException: Expected condition failed: waiting for visibility of Proxy element for: DefaultElementLocator 'By.xpath: //input[@ng-model='FirstName']' (tried for 10 second(s) with 500 milliseconds interval)
	at org.openqa.selenium.support.ui.WebDriverWait.timeoutException(WebDriverWait.java:138)
	at org.openqa.selenium.support.ui.FluentWait.until(FluentWait.java:234)
	at com.mesaj.app.pageobjects.SignUpServices.writeFirstName(SignUpServices.java:27)
	at com.mesaj.app.stepdefinitions.SignUpStepDefs.pepito_wants_to_have_an_account(SignUpStepDefs.java:26)
	at ?.Given Pepito wants to have an account(signup.feature:4)
Caused by: org.openqa.selenium.NoSuchElementException: no such element: Unable to locate element: {"method":"xpath","selector":"//input[@ng-model='FirstName']"}
  (Session info: chrome=102.0.5005.61)
For documentation on this error, please visit: https://selenium.dev/exceptions/#no_such_element
Build info: version: '4.0.0-alpha-4', revision: 'c2d955b49e'
System info: host: 'JORGELAPTOPASUS', ip: '192.168.37.1', os.name: 'Windows 10', os.arch: 'amd64', os.version: '10.0', java.version: '1.8.0_202'
Driver info: org.openqa.selenium.chrome.ChromeDriver
Capabilities {acceptInsecureCerts: false, browserName: chrome, browserVersion: 102.0.5005.61, chrome: {chromedriverVersion: 102.0.5005.61 (0e59bcc00cc4..., userDataDir: C:\Users\jorge\AppData\Loca...}, goog:chromeOptions: {debuggerAddress: localhost:60239}, javascriptEnabled: true, networkConnectionEnabled: false, pageLoadStrategy: normal, platform: WINDOWS, platformName: WINDOWS, proxy: Proxy(), setWindowRect: true, strictFileInteractability: false, timeouts: {implicit: 0, pageLoad: 300000, script: 30000}, unhandledPromptBehavior: dismiss and notify, webauthn:extension:credBlob: true, webauthn:extension:largeBlob: true, webauthn:virtualAuthenticators: true}
Session ID: 32ad81db83317aee54b88c0332cacc93
*** Element info: {Using=xpath, value=//input[@ng-model='FirstName']}
	at sun.reflect.GeneratedConstructorAccessor15.newInstance(Unknown Source)
	at sun.reflect.DelegatingConstructorAccessorImpl.newInstance(DelegatingConstructorAccessorImpl.java:45)
	at java.lang.reflect.Constructor.newInstance(Constructor.java:423)
	at org.openqa.selenium.remote.codec.w3c.W3CHttpResponseCodec.createException(W3CHttpResponseCodec.java:196)
	at org.openqa.selenium.remote.codec.w3c.W3CHttpResponseCodec.decode(W3CHttpResponseCodec.java:129)
	at org.openqa.selenium.remote.codec.w3c.W3CHttpResponseCodec.decode(W3CHttpResponseCodec.java:53)
	at org.openqa.selenium.remote.HttpCommandExecutor.execute(HttpCommandExecutor.java:161)
	at org.openqa.selenium.remote.service.DriverCommandExecutor.execute(DriverCommandExecutor.java:83)
	at org.openqa.selenium.remote.RemoteWebDriver.execute(RemoteWebDriver.java:582)
	at org.openqa.selenium.remote.RemoteWebDriver.findElement(RemoteWebDriver.java:333)
	at org.openqa.selenium.remote.RemoteWebDriver.findElementByXPath(RemoteWebDriver.java:451)
	at org.openqa.selenium.By$ByXPath.findElement(By.java:394)
	at org.openqa.selenium.remote.RemoteWebDriver.findElement(RemoteWebDriver.java:325)
	at org.openqa.selenium.support.pagefactory.DefaultElementLocator.findElement(DefaultElementLocator.java:70)
	at org.openqa.selenium.support.pagefactory.internal.LocatingElementHandler.invoke(LocatingElementHandler.java:39)
	at com.sun.proxy.$Proxy32.isDisplayed(Unknown Source)
	at org.openqa.selenium.support.ui.ExpectedConditions.elementIfVisible(ExpectedConditions.java:314)
	at org.openqa.selenium.support.ui.ExpectedConditions.access$000(ExpectedConditions.java:43)
	at org.openqa.selenium.support.ui.ExpectedConditions$10.apply(ExpectedConditions.java:300)
	at org.openqa.selenium.support.ui.ExpectedConditions$10.apply(ExpectedConditions.java:297)
	at org.openqa.selenium.support.ui.FluentWait.until(FluentWait.java:211)
	at com.mesaj.app.pageobjects.SignUpServices.writeFirstName(SignUpServices.java:27)
	at com.mesaj.app.stepdefinitions.SignUpStepDefs.pepito_wants_to_have_an_account(SignUpStepDefs.java:26)
	at sun.reflect.NativeMethodAccessorImpl.invoke0(Native Method)
	at sun.reflect.NativeMethodAccessorImpl.invoke(NativeMethodAccessorImpl.java:62)
	at sun.reflect.DelegatingMethodAccessorImpl.invoke(DelegatingMethodAccessorImpl.java:43)
	at java.lang.reflect.Method.invoke(Method.java:498)
	at cucumber.runtime.Utils$1.call(Utils.java:40)
	at cucumber.runtime.Timeout.timeout(Timeout.java:16)
	at cucumber.runtime.Utils.invoke(Utils.java:34)
	at cucumber.runtime.java.JavaStepDefinition.execute(JavaStepDefinition.java:38)
	at cucumber.runtime.StepDefinitionMatch.runStep(StepDefinitionMatch.java:37)
	at cucumber.runtime.Runtime.runStep(Runtime.java:300)
	at cucumber.runtime.model.StepContainer.runStep(StepContainer.java:44)
	at cucumber.runtime.model.StepContainer.runSteps(StepContainer.java:39)
	at cucumber.runtime.model.CucumberScenario.run(CucumberScenario.java:44)
	at cucumber.runtime.junit.ExecutionUnitRunner.run(ExecutionUnitRunner.java:102)
	at cucumber.runtime.junit.FeatureRunner.runChild(FeatureRunner.java:63)
	at cucumber.runtime.junit.FeatureRunner.runChild(FeatureRunner.java:18)
	at org.junit.runners.ParentRunner$3.run(ParentRunner.java:290)
	at org.junit.runners.ParentRunner$1.schedule(ParentRunner.java:71)
	at org.junit.runners.ParentRunner.runChildren(ParentRunner.java:288)
	at org.junit.runners.ParentRunner.access$000(ParentRunner.java:58)
	at org.junit.runners.ParentRunner$2.evaluate(ParentRunner.java:268)
	at org.junit.runners.ParentRunner.run(ParentRunner.java:363)
	at cucumber.runtime.junit.FeatureRunner.run(FeatureRunner.java:70)
	at cucumber.api.junit.Cucumber.runChild(Cucumber.java:95)
	at cucumber.api.junit.Cucumber.runChild(Cucumber.java:38)
	at org.junit.runners.ParentRunner$3.run(ParentRunner.java:290)
	at org.junit.runners.ParentRunner$1.schedule(ParentRunner.java:71)
	at org.junit.runners.ParentRunner.runChildren(ParentRunner.java:288)
	at org.junit.runners.ParentRunner.access$000(ParentRunner.java:58)
	at org.junit.runners.ParentRunner$2.evaluate(ParentRunner.java:268)
	at org.junit.runners.ParentRunner.run(ParentRunner.java:363)
	at cucumber.api.junit.Cucumber.run(Cucumber.java:100)
	at org.apache.maven.surefire.junit4.JUnit4Provider.execute(JUnit4Provider.java:252)
	at org.apache.maven.surefire.junit4.JUnit4Provider.executeTestSet(JUnit4Provider.java:141)
	at org.apache.maven.surefire.junit4.JUnit4Provider.invoke(JUnit4Provider.java:112)
	at sun.reflect.NativeMethodAccessorImpl.invoke0(Native Method)
	at sun.reflect.NativeMethodAccessorImpl.invoke(NativeMethodAccessorImpl.java:62)
	at sun.reflect.DelegatingMethodAccessorImpl.invoke(DelegatingMethodAccessorImpl.java:43)
	at java.lang.reflect.Method.invoke(Method.java:498)
	at org.apache.maven.surefire.util.ReflectionUtils.invokeMethodWithArray(ReflectionUtils.java:189)
	at org.apache.maven.surefire.booter.ProviderFactory$ProviderProxy.invoke(ProviderFactory.java:165)
	at org.apache.maven.surefire.booter.ProviderFactory.invokeProvider(ProviderFactory.java:85)
	at org.apache.maven.surefire.booter.ForkedBooter.runSuitesInProcess(ForkedBooter.java:115)
	at org.apache.maven.surefire.booter.ForkedBooter.main(ForkedBooter.java:75)

